<?xml version="1.0" encoding="UTF-8"?>
<!-- Generated by org.testng.reporters.JUnitReportReporter -->
<testsuite skipped="0" hostname="Sumeyras-MBP.home" name="com.Darksky.Tests.DarkskyHomeTest" tests="1" failures="0" timestamp="19 Dec 2019 03:27:55 GMT" time="24.694" errors="0">
  <testcase name="TodaysTemp" time="24.694" classname="com.Darksky.Tests.DarkskyHomeTest"/>
</testsuite> <!-- com.Darksky.Tests.DarkskyHomeTest -->
