<?xml version="1.0" encoding="UTF-8"?>
<!-- Generated by org.testng.reporters.JUnitReportReporter -->
<testsuite skipped="0" hostname="PCSSs-Air-2.localdomain" name="com.Darksky.Tests.DarkskySignUpTest" tests="1" failures="0" timestamp="14 Dec 2019 17:08:58 GMT" time="33.548" errors="0">
  <testcase name="signupClick" time="33.548" classname="com.Darksky.Tests.DarkskySignUpTest"/>
</testsuite> <!-- com.Darksky.Tests.DarkskySignUpTest -->
