<?xml version="1.0" encoding="UTF-8"?>
<!-- Generated by org.testng.reporters.JUnitReportReporter -->
<testsuite skipped="0" hostname="PCSSs-Air-2.localdomain" name="com.Darksky.Tests.DarkskyHourVerificationTest" tests="1" failures="0" timestamp="14 Dec 2019 18:18:39 GMT" time="28.094" errors="0">
  <testcase name="HourVerificationOfatheAdress" time="28.094" classname="com.Darksky.Tests.DarkskyHourVerificationTest"/>
</testsuite> <!-- com.Darksky.Tests.DarkskyHourVerificationTest -->
