<?xml version="1.0" encoding="UTF-8"?>
<!-- Generated by org.testng.reporters.JUnitReportReporter -->
<testsuite skipped="0" hostname="Sumeyras-MBP.home" name="com.Darksky.Tests.DarkskyTimezoneVerificationTest" tests="1" failures="0" timestamp="17 Dec 2019 14:53:17 GMT" time="35.095" errors="0">
  <testcase name="verifyTimeZone" time="35.095" classname="com.Darksky.Tests.DarkskyTimezoneVerificationTest"/>
</testsuite> <!-- com.Darksky.Tests.DarkskyTimezoneVerificationTest -->
