<?xml version="1.0" encoding="UTF-8"?>
<!-- Generated by org.testng.reporters.JUnitReportReporter -->
<testsuite skipped="0" hostname="PCSSs-Air-2.localdomain" name="com.Darksky.Tests.DarkskyRegisterTest" tests="2" failures="0" timestamp="14 Dec 2019 18:35:04 GMT" time="69.640" errors="0">
  <testcase name="RegisterPage" time="56.735" classname="com.Darksky.Tests.DarkskyRegisterTest"/>
  <testcase name="title" time="12.905" classname="com.Darksky.Tests.DarkskyRegisterTest"/>
</testsuite> <!-- com.Darksky.Tests.DarkskyRegisterTest -->
